24.392	38.086	-0.428	-1.346	0.000	0.000	1.000	1	1	SEVA
24.410	37.363	-0.229	-0.944	0.000	0.000	1.000	1	1	KYNS
24.521	36.747	-0.157	-0.738	0.000	0.000	1.000	1	1	MILO
24.543	38.887	-0.912	-3.146	0.000	0.000	1.000	1	1	NSKR
24.627	40.593	0.910	1.588	0.000	0.000	1.000	4	1	THAS
24.753	42.146	0.268	0.597	0.000	0.000	1.000	4	1	PLO2
25.126	39.851	-9.310	-7.180	0.000	0.000	1.000	3	1	LIMN
25.277	42.963	0.204	0.430	0.000	0.000	1.000	4	1	GABR
25.379	37.449	-0.296	-0.749	0.000	0.000	1.000	1	1	MKN2
25.402	41.545	0.459	0.829	0.000	0.000	1.000	4	1	MOMC
25.513	40.466	1.999	2.811	0.000	0.000	1.000	4	1	SMTK
25.566	40.928	0.922	1.424	0.000	0.000	1.000	4	1	ASKT
26.082	39.501	-1.827	-3.516	0.000	0.000	1.000	1	1	AMAN
26.085	38.443	-0.561	-0.990	0.000	0.000	1.000	1	1	HIOS
26.157	39.731	-3.198	-0.683	0.000	0.000	1.000	3	1	KEST
26.174	39.973	-3.831	-2.445	0.000	0.000	1.000	3	1	SUBA
26.189	39.614	9.517	2.208	0.000	0.000	1.000	2	1	BDER
26.216	39.726	-3.324	-0.590	0.000	0.000	1.000	3	1	KRKE
26.309	42.075	0.381	0.636	0.000	0.000	1.000	4	1	TOPO
26.317	39.785	-3.477	-0.705	0.000	0.000	1.000	3	1	EZIN
26.385	38.311	-0.515	-0.841	0.000	0.000	1.000	1	1	CEIL
26.406	36.586	-0.209	-0.457	0.000	0.000	1.000	1	1	ASTP
26.451	39.234	-0.999	-1.736	0.000	0.000	1.000	1	1	LESV
26.535	39.580	-2.060	-3.174	0.000	0.000	1.000	1	1	HOBS
26.700	39.311	-1.080	-1.685	0.000	0.000	1.000	1	1	AYKA
26.706	40.739	3.890	2.976	0.000	0.000	1.000	4	1	DOKU
26.707	39.326	-1.100	-1.714	0.000	0.000	1.000	1	1	AYVA
26.732	39.653	-2.459	-3.253	0.000	0.000	1.000	1	1	KCAM
26.871	40.601	10.518	6.770	0.000	0.000	1.000	4	1	KVAK
26.880	40.396	-6.789	-3.052	0.000	0.000	1.000	3	1	SEVK
26.885	39.010	-0.808	-1.131	0.000	0.000	1.000	1	1	ESEN
26.910	40.029	-4.464	-0.878	0.000	0.000	1.000	3	1	BAH1
26.929	36.752	-0.237	-0.425	0.000	0.000	1.000	1	1	KOSI
26.989	37.780	-0.388	-0.572	0.000	0.000	1.000	1	1	SAMO
27.112	39.244	-0.985	-1.266	0.000	0.000	1.000	1	1	D5DU
27.214	40.171	-4.777	-1.223	0.000	0.000	1.000	3	1	ARAK
27.217	39.897	7.641	1.081	0.000	0.000	1.000	2	1	KIRE
27.269	39.577	-1.531	-1.700	0.000	0.000	1.000	1	1	EGMI
27.301	40.381	-5.062	-1.902	0.000	0.000	1.000	3	1	KABI
27.308	38.711	-0.653	-0.801	0.000	0.000	1.000	1	1	BAYO
27.316	39.024	-0.812	-0.973	0.000	0.000	1.000	1	1	YAYA
27.393	40.811	7.862	5.857	0.000	0.000	1.000	4	1	YENB
27.424	39.785	-2.569	-2.076	0.000	0.000	1.000	1	1	ALAN
27.442	42.666	0.335	0.472	0.000	0.000	1.000	4	1	BURG
27.483	42.484	0.372	0.524	0.000	0.000	1.000	4	1	BUTG
27.486	37.818	-0.399	-0.515	0.000	0.000	1.000	1	1	SOKE
27.586	40.588	-6.761	-3.683	0.000	0.000	1.000	3	1	MISL
27.590	39.295	-1.031	-1.074	0.000	0.000	1.000	1	1	D7DU
27.629	40.245	-6.378	-1.761	0.000	0.000	1.000	3	1	UKIR
27.763	40.059	-5.919	-3.511	0.000	0.000	1.000	1	1	KOCB
27.779	41.827	0.647	0.882	0.000	0.000	1.000	4	1	DEMI
27.816	40.400	-5.547	-1.685	0.000	0.000	1.000	3	1	ERDE
27.873	39.006	-0.798	-0.804	0.000	0.000	1.000	1	1	AKGA
27.906	39.722	-1.847	-1.497	0.000	0.000	1.000	1	1	BALI
27.960	40.971	4.882	4.474	0.000	0.000	1.000	4	1	MAER
28.000	38.248	-0.499	-0.535	0.000	0.000	1.000	1	1	ODME
28.293	41.475	1.172	1.448	0.000	0.000	1.000	4	1	YALI
28.365	41.052	3.740	3.675	0.000	0.000	1.000	4	1	SELP
28.373	40.398	-6.940	-2.005	0.000	0.000	1.000	3	1	YENI
28.483	38.315	-0.516	-0.487	0.000	0.000	1.000	1	1	ALSE
28.671	39.046	-0.802	-0.664	0.000	0.000	1.000	1	1	DMIR
28.779	40.167	6.464	-0.364	0.000	0.000	1.000	2	1	HAGA
28.882	40.481	-6.382	-3.017	0.000	0.000	1.000	3	1	FIST
28.923	39.930	-2.359	-1.370	0.000	0.000	1.000	1	1	GIRE
29.020	41.104	3.365	3.446	0.000	0.000	1.000	4	1	ITAY
29.064	41.064	3.911	3.811	0.000	0.000	1.000	4	1	IKAN
29.102	40.136	-4.988	-1.831	0.000	0.000	1.000	1	1	ULUD
29.106	40.270	5.530	-1.359	0.000	0.000	1.000	2	1	DTAS
29.111	40.165	-5.688	-1.985	0.000	0.000	1.000	1	1	ZEYA
29.136	37.941	-0.428	-0.358	0.000	0.000	1.000	1	1	PAMU
29.141	40.122	-4.513	-1.708	0.000	0.000	1.000	1	1	ULDA
29.143	40.639	-8.156	-5.678	0.000	0.000	1.000	3	1	CINA
29.146	40.460	-6.490	-3.376	0.000	0.000	1.000	3	1	GEML
29.261	40.200	7.627	-0.765	0.000	0.000	1.000	2	1	CATA
29.288	40.485	-6.144	-3.936	0.000	0.000	1.000	3	1	KUTE
29.423	40.821	8.684	4.782	0.000	0.000	1.000	4	1	GATE
29.514	40.164	-4.044	-1.013	0.000	0.000	1.000	1	1	HMZA
29.585	40.667	-10.718	-5.371	0.000	0.000	1.000	3	1	OLUK
29.623	41.179	2.457	1.913	0.000	0.000	1.000	4	1	SILE
29.635	40.803	8.186	4.439	0.000	0.000	1.000	4	1	YUHE
29.889	40.066	-2.433	-1.232	0.000	0.000	1.000	1	1	KPKL
29.908	40.438	-4.854	-3.119	0.000	0.000	1.000	3	1	IGAZ
29.929	40.425	-5.210	-3.214	0.000	0.000	1.000	1	1	IUCK
30.026	40.465	-5.183	-3.330	0.000	0.000	1.000	3	1	MEKE
30.130	40.745	9.072	4.633	0.000	0.000	1.000	4	1	SISL
30.134	40.690	11.884	4.504	0.000	0.000	1.000	4	1	SMAS
30.637	39.658	-1.177	-0.629	0.000	0.000	1.000	1	1	ESKI
30.638	40.614	13.274	3.975	0.000	0.000	1.000	4	1	KTOP
30.644	38.769	-0.627	-0.315	0.000	0.000	1.000	1	1	AFYO
30.655	40.628	12.475	4.081	0.000	0.000	1.000	4	1	KKAP
30.679	40.552	-9.557	-4.599	0.000	0.000	1.000	3	1	BOZS
30.680	40.538	-9.497	-4.408	0.000	0.000	1.000	1	1	AGUZ
30.745	40.652	10.968	3.812	0.000	0.000	1.000	4	1	KMAL
30.761	40.589	14.344	3.709	0.000	0.000	1.000	4	1	AGOK
30.804	40.386	-4.329	-2.661	0.000	0.000	1.000	1	1	TEBA
30.827	40.735	7.523	2.837	0.000	0.000	1.000	4	1	KDER
30.862	40.555	-10.646	-3.608	0.000	0.000	1.000	1	1	PINA
31.438	40.937	4.314	0.734	0.000	0.000	1.000	4	1	YIG2
31.439	40.937	4.315	0.733	0.000	0.000	1.000	4	1	YIGI
31.814	39.564	-1.011	-0.228	0.000	0.000	1.000	1	1	SIVR
32.226	41.520	1.605	0.097	0.000	0.000	1.000	4	1	HALI
32.570	40.881	12.102	1.016	0.000	0.000	1.000	4	1	ISME
32.759	39.886	-1.336	-0.020	0.000	0.000	1.000	1	1	ANKM
33.191	37.378	-0.345	-0.021	0.000	0.000	1.000	1	1	MELE
34.552	36.900	-0.288	0.055	0.000	0.000	1.000	1	1	MER0
34.803	39.106	-0.806	0.117	0.000	0.000	1.000	1	1	ABDI
34.813	39.801	-1.307	0.179	0.000	0.000	1.000	1	1	YOZG
34.875	40.453	-2.593	0.388	0.000	0.000	1.000	1	1	KKIR
35.205	42.020	0.806	-0.151	0.000	0.000	1.000	4	1	SINO
35.940	36.456	-0.234	0.129	0.000	0.000	1.000	1	1	ULUC
36.336	41.299	2.016	-0.103	0.000	0.000	1.000	4	1	SAMS
38.215	38.456	-0.627	0.497	0.000	0.000	1.000	1	1	MLTY
38.231	37.747	-0.400	0.390	0.000	0.000	1.000	1	1	ADYI
39.164	39.613	-3.850	2.901	0.000	0.000	1.000	1	1	KMAH
39.702	40.974	0.756	-0.732	0.000	0.000	1.000	4	1	AKTO
39.805	37.847	-0.408	0.714	0.000	0.000	1.000	1	1	KRCD
40.650	37.246	-0.192	0.806	0.000	0.000	1.000	1	1	KIZ2
40.651	37.247	-0.192	0.806	0.000	0.000	1.000	1	1	KIZI
41.300	39.973	1.058	-1.816	0.000	0.000	1.000	4	1	ERZU
41.339	41.371	0.393	-0.632	0.000	0.000	1.000	4	1	HOPA
41.794	38.754	-2.484	4.971	0.000	0.000	1.000	1	1	KRKT
41.990	40.548	0.512	-1.056	0.000	0.000	1.000	4	1	OLTU
