24.392	38.086	-16.383	-20.698	0.000	0.000	1.000	1	1	SEVA
24.410	37.363	-14.305	-21.052	0.000	0.000	1.000	1	1	KYNS
24.521	36.747	-12.456	-20.962	0.000	0.000	1.000	1	1	MILO
24.543	38.887	-18.461	-18.496	0.000	0.000	1.000	1	1	NSKR
24.627	40.593	0.080	0.467	0.000	0.000	1.000	4	1	THAS
24.753	42.146	0.584	1.465	0.000	0.000	1.000	4	1	PLO2
25.126	39.851	-13.456	-8.485	0.000	0.000	1.000	3	1	LIMN
25.277	42.963	0.586	1.663	0.000	0.000	1.000	4	1	GABR
25.379	37.449	-14.722	-18.663	0.000	0.000	1.000	1	1	MKN2
25.402	41.545	0.464	1.271	0.000	0.000	1.000	4	1	MOMC
25.513	40.466	-0.976	-0.704	0.000	0.000	1.000	4	1	SMTK
25.566	40.928	0.060	0.685	0.000	0.000	1.000	4	1	ASKT
26.082	39.501	-19.814	-14.017	0.000	0.000	1.000	1	1	AMAN
26.085	38.443	-17.740	-16.535	0.000	0.000	1.000	1	1	HIOS
26.157	39.731	-19.495	-13.120	0.000	0.000	1.000	3	1	KEST
26.174	39.973	-19.355	-11.327	0.000	0.000	1.000	3	1	SUBA
26.189	39.614	-19.535	-12.950	0.000	0.000	1.000	2	1	BDER
26.216	39.726	-19.369	-13.106	0.000	0.000	1.000	3	1	KRKE
26.309	42.075	0.516	1.516	0.000	0.000	1.000	4	1	TOPO
26.317	39.785	-19.350	-12.808	0.000	0.000	1.000	3	1	EZIN
26.385	38.311	-17.424	-15.882	0.000	0.000	1.000	1	1	CEIL
26.406	36.586	-12.271	-16.210	0.000	0.000	1.000	1	1	ASTP
26.451	39.234	-19.869	-14.810	0.000	0.000	1.000	1	1	LESV
26.535	39.580	-19.915	-13.148	0.000	0.000	1.000	1	1	HOBS
26.700	39.311	-20.075	-14.195	0.000	0.000	1.000	1	1	AYKA
26.706	40.739	-2.862	-0.802	0.000	0.000	1.000	4	1	DOKU
26.707	39.326	-20.104	-14.147	0.000	0.000	1.000	1	1	AYVA
26.732	39.653	-19.782	-12.542	0.000	0.000	1.000	1	1	KCAM
26.871	40.601	-9.473	-4.586	0.000	0.000	1.000	4	1	KVAK
26.880	40.396	-17.356	-9.441	0.000	0.000	1.000	3	1	SEVK
26.885	39.010	-19.429	-14.254	0.000	0.000	1.000	1	1	ESEN
26.910	40.029	-18.943	-11.561	0.000	0.000	1.000	3	1	BAH1
26.929	36.752	-12.857	-14.842	0.000	0.000	1.000	1	1	KOSI
26.989	37.780	-15.973	-14.534	0.000	0.000	1.000	1	1	SAMO
27.112	39.244	-20.029	-13.511	0.000	0.000	1.000	1	1	D5DU
27.214	40.171	-18.959	-10.665	0.000	0.000	1.000	3	1	ARAK
27.217	39.897	-18.082	-10.853	0.000	0.000	1.000	2	1	KIRE
27.269	39.577	-20.560	-12.655	0.000	0.000	1.000	1	1	EGMI
27.301	40.381	-19.110	-9.828	0.000	0.000	1.000	3	1	KABI
27.308	38.711	-18.707	-13.450	0.000	0.000	1.000	1	1	BAYO
27.316	39.024	-19.538	-13.257	0.000	0.000	1.000	1	1	YAYA
27.393	40.811	-6.823	-3.644	0.000	0.000	1.000	4	1	YENB
27.424	39.785	-20.203	-11.865	0.000	0.000	1.000	1	1	ALAN
27.442	42.666	0.538	1.744	0.000	0.000	1.000	4	1	BURG
27.483	42.484	0.518	1.695	0.000	0.000	1.000	4	1	BUTG
27.486	37.818	-16.159	-13.259	0.000	0.000	1.000	1	1	SOKE
27.586	40.588	-17.866	-7.531	0.000	0.000	1.000	3	1	MISL
27.590	39.295	-20.219	-12.421	0.000	0.000	1.000	1	1	D7DU
27.629	40.245	-17.561	-9.374	0.000	0.000	1.000	3	1	UKIR
27.763	40.059	-17.769	-9.520	0.000	0.000	1.000	1	1	KOCB
27.779	41.827	0.310	1.353	0.000	0.000	1.000	4	1	DEMI
27.816	40.400	-18.729	-9.110	0.000	0.000	1.000	3	1	ERDE
27.873	39.006	-19.578	-11.932	0.000	0.000	1.000	1	1	AKGA
27.906	39.722	-20.797	-11.151	0.000	0.000	1.000	1	1	BALI
27.960	40.971	-3.844	-2.230	0.000	0.000	1.000	4	1	MAER
28.000	38.248	-17.495	-11.861	0.000	0.000	1.000	1	1	ODME
28.293	41.475	-0.170	0.815	0.000	0.000	1.000	4	1	YALI
28.365	41.052	-2.699	-1.408	0.000	0.000	1.000	4	1	SELP
28.373	40.398	-17.397	-7.779	0.000	0.000	1.000	3	1	YENI
28.483	38.315	-17.752	-10.613	0.000	0.000	1.000	1	1	ALSE
28.671	39.046	-19.804	-9.931	0.000	0.000	1.000	1	1	DMIR
28.779	40.167	-17.355	-7.928	0.000	0.000	1.000	2	1	HAGA
28.882	40.481	-18.176	-5.842	0.000	0.000	1.000	3	1	FIST
28.923	39.930	-21.071	-8.548	0.000	0.000	1.000	1	1	GIRE
29.020	41.104	-2.311	-1.142	0.000	0.000	1.000	4	1	ITAY
29.064	41.064	-2.852	-1.505	0.000	0.000	1.000	4	1	IKAN
29.102	40.136	-19.113	-7.606	0.000	0.000	1.000	1	1	ULUD
29.106	40.270	-16.563	-6.622	0.000	0.000	1.000	2	1	DTAS
29.111	40.165	-18.505	-7.428	0.000	0.000	1.000	1	1	ZEYA
29.136	37.941	-16.726	-8.988	0.000	0.000	1.000	1	1	PAMU
29.141	40.122	-19.547	-7.624	0.000	0.000	1.000	1	1	ULDA
29.143	40.639	-16.748	-2.706	0.000	0.000	1.000	3	1	CINA
29.146	40.460	-18.052	-5.003	0.000	0.000	1.000	3	1	GEML
29.261	40.200	-18.598	-7.069	0.000	0.000	1.000	2	1	CATA
29.288	40.485	-18.462	-4.185	0.000	0.000	1.000	3	1	KUTE
29.423	40.821	-7.594	-2.457	0.000	0.000	1.000	4	1	GATE
29.514	40.164	-20.186	-7.317	0.000	0.000	1.000	1	1	HMZA
29.585	40.667	-14.283	-2.209	0.000	0.000	1.000	3	1	OLUK
29.623	41.179	-1.393	0.424	0.000	0.000	1.000	4	1	SILE
29.635	40.803	-7.089	-2.102	0.000	0.000	1.000	4	1	YUHE
29.889	40.066	-21.521	-6.090	0.000	0.000	1.000	1	1	KPKL
29.908	40.438	-19.710	-3.873	0.000	0.000	1.000	3	1	IGAZ
29.929	40.425	-19.881	-4.000	0.000	0.000	1.000	1	1	IUCK
30.026	40.465	-19.445	-3.447	0.000	0.000	1.000	3	1	MEKE
30.130	40.745	-7.956	-2.269	0.000	0.000	1.000	4	1	SISL
30.134	40.690	-10.763	-2.139	0.000	0.000	1.000	4	1	SMAS
30.637	39.658	-21.539	-4.681	0.000	0.000	1.000	1	1	ESKI
30.638	40.614	-12.133	-1.584	0.000	0.000	1.000	4	1	KTOP
30.644	38.769	-19.272	-4.977	0.000	0.000	1.000	1	1	AFYO
30.655	40.628	-11.335	-1.688	0.000	0.000	1.000	4	1	KKAP
30.679	40.552	-15.293	-0.988	0.000	0.000	1.000	3	1	BOZS
30.680	40.538	-16.003	-0.787	0.000	0.000	1.000	1	1	AGUZ
30.745	40.652	-9.828	-1.415	0.000	0.000	1.000	4	1	KMAL
30.761	40.589	-13.198	-1.310	0.000	0.000	1.000	4	1	AGOK
30.804	40.386	-20.699	-2.200	0.000	0.000	1.000	1	1	TEBA
30.827	40.735	-6.388	-0.436	0.000	0.000	1.000	4	1	KDER
30.862	40.555	-14.919	-1.097	0.000	0.000	1.000	1	1	PINA
31.438	40.937	-3.179	1.700	0.000	0.000	1.000	4	1	YIG2
31.439	40.937	-3.181	1.702	0.000	0.000	1.000	4	1	YIGI
31.814	39.564	-21.455	-1.915	0.000	0.000	1.000	1	1	SIVR
32.226	41.520	-0.499	2.379	0.000	0.000	1.000	4	1	HALI
32.570	40.881	-10.931	1.478	0.000	0.000	1.000	4	1	ISME
32.759	39.886	-22.159	0.419	0.000	0.000	1.000	1	1	ANKM
33.191	37.378	-15.188	1.583	0.000	0.000	1.000	1	1	MELE
34.552	36.900	-13.676	5.170	0.000	0.000	1.000	1	1	MER0
34.803	39.106	-20.148	5.783	0.000	0.000	1.000	1	1	ABDI
34.813	39.801	-21.847	5.748	0.000	0.000	1.000	1	1	YOZG
34.875	40.453	-22.618	5.705	0.000	0.000	1.000	1	1	KKIR
35.205	42.020	0.345	2.781	0.000	0.000	1.000	4	1	SINO
35.940	36.456	-12.215	8.827	0.000	0.000	1.000	1	1	ULUC
36.336	41.299	-0.768	2.789	0.000	0.000	1.000	4	1	SAMS
38.215	38.456	-17.878	14.564	0.000	0.000	1.000	1	1	MLTY
38.231	37.747	-15.858	14.713	0.000	0.000	1.000	1	1	ADYI
39.164	39.613	-18.139	14.700	0.000	0.000	1.000	1	1	KMAH
39.702	40.974	0.625	3.580	0.000	0.000	1.000	4	1	AKTO
39.805	37.847	-15.876	18.599	0.000	0.000	1.000	1	1	KRCD
40.650	37.246	-14.009	20.762	0.000	0.000	1.000	1	1	KIZ2
40.651	37.247	-14.012	20.764	0.000	0.000	1.000	1	1	KIZI
41.300	39.973	0.458	4.738	0.000	0.000	1.000	4	1	ERZU
41.339	41.371	1.011	3.555	0.000	0.000	1.000	4	1	HOPA
41.794	38.754	-16.187	19.641	0.000	0.000	1.000	1	1	KRKT
41.990	40.548	0.980	4.008	0.000	0.000	1.000	4	1	OLTU
