24.392	38.086	-15.230	-25.880	0.650	0.600	1.000	1	1	SEVA
24.410	37.363	-17.290	-25.790	0.680	0.600	1.000	1	1	KYNS
24.521	36.747	-16.360	-24.640	0.660	0.590	1.000	1	1	MILO
24.543	38.887	-12.150	-23.820	0.730	0.650	1.000	1	1	NSKR
24.627	40.593	-0.860	-2.870	0.800	0.700	1.000	4	1	THAS
24.753	42.146	-0.830	-2.310	1.290	1.260	1.000	4	1	PLO2
25.126	39.851	-14.810	-12.590	0.710	0.640	1.000	3	1	LIMN
25.277	42.963	1.150	0.620	1.290	1.190	1.000	4	1	GABR
25.379	37.449	-16.210	-26.400	0.840	0.790	1.000	1	1	MKN2
25.402	41.545	1.260	-2.100	1.270	1.220	1.000	4	1	MOMC
25.513	40.466	-2.420	-3.700	0.810	0.790	1.000	4	1	SMTK
25.566	40.928	0.640	-2.050	0.770	0.740	1.000	4	1	ASKT
26.082	39.501	-20.820	-9.080	0.960	0.970	1.000	1	1	AMAN
26.085	38.443	-19.070	-22.960	0.720	0.650	1.000	1	1	HIOS
26.157	39.731	-20.860	-9.160	0.930	0.950	1.000	3	1	KEST
26.174	39.973	-16.380	-9.610	0.670	0.610	1.000	3	1	SUBA
26.189	39.614	-19.940	-9.850	0.930	0.950	1.000	2	1	BDER
26.216	39.726	-21.110	-9.610	0.950	0.960	1.000	3	1	KRKE
26.309	42.075	0.030	0.020	1.240	1.190	1.000	4	1	TOPO
26.317	39.785	-20.050	-9.190	0.950	0.990	1.000	3	1	EZIN
26.385	38.311	-17.640	-22.390	0.690	0.670	1.000	1	1	CEIL
26.406	36.586	-14.230	-30.030	0.680	0.600	1.000	1	1	ASTP
26.451	39.234	-19.470	-12.680	0.740	0.650	1.000	1	1	LESV
26.535	39.580	-20.450	-6.510	0.940	0.960	1.000	1	1	HOBS
26.700	39.311	-18.800	-11.720	0.760	0.700	1.000	1	1	AYKA
26.706	40.739	-4.840	-3.340	0.710	0.710	1.000	4	1	DOKU
26.707	39.326	-21.060	-9.800	0.730	0.710	1.000	1	1	AYVA
26.732	39.653	-22.650	-7.260	0.940	0.930	1.000	1	1	KCAM
26.871	40.601	-13.420	-4.140	0.910	0.940	1.000	4	1	KVAK
26.880	40.396	-19.200	-6.570	0.900	0.920	1.000	3	1	SEVK
26.885	39.010	-21.060	-13.520	1.780	1.750	1.000	1	1	ESEN
26.910	40.029	-19.700	-8.640	0.930	0.930	1.000	3	1	BAH1
26.929	36.752	-15.880	-26.530	0.720	0.620	1.000	1	1	KOSI
26.989	37.780	-18.970	-23.890	0.700	0.610	1.000	1	1	SAMO
27.112	39.244	-19.640	-12.110	1.670	1.720	1.000	1	1	D5DU
27.214	40.171	-19.970	-9.040	0.920	0.930	1.000	3	1	ARAK
27.217	39.897	-19.620	-8.400	0.610	0.600	1.000	2	1	KIRE
27.269	39.577	-20.770	-6.400	0.950	0.940	1.000	1	1	EGMI
27.301	40.381	-18.240	-5.550	0.890	0.890	1.000	3	1	KABI
27.308	38.711	-17.440	-14.740	0.770	0.720	1.000	1	1	BAYO
27.316	39.024	-20.630	-13.310	0.760	0.710	1.000	1	1	YAYA
27.393	40.811	-3.530	-4.760	0.710	0.680	1.000	4	1	YENB
27.424	39.785	-22.950	-8.510	0.730	0.720	1.000	1	1	ALAN
27.442	42.666	0.930	-0.450	1.260	1.220	1.000	4	1	BURG
27.483	42.484	-1.710	-0.880	1.350	1.300	1.000	4	1	BUTG
27.486	37.818	-19.660	-18.980	0.910	0.870	1.000	1	1	SOKE
27.586	40.588	-15.040	-5.800	1.140	1.060	1.000	3	1	MISL
27.590	39.295	-16.750	-12.250	1.640	1.660	1.000	1	1	D7DU
27.629	40.245	-20.010	-5.480	0.920	0.930	1.000	3	1	UKIR
27.763	40.059	-22.890	-2.940	0.940	0.940	1.000	1	1	KOCB
27.779	41.827	0.910	-0.090	0.730	0.690	1.000	4	1	DEMI
27.816	40.400	-20.960	-3.230	0.690	0.680	1.000	3	1	ERDE
27.873	39.006	-21.020	-10.310	0.680	0.660	1.000	1	1	AKGA
27.906	39.722	-21.200	-4.530	0.710	0.630	1.000	1	1	BALI
27.960	40.971	2.720	-0.590	0.650	0.620	1.000	4	1	MAER
28.000	38.248	-20.620	-12.620	0.930	0.870	1.000	1	1	ODME
28.293	41.475	1.270	-0.670	1.160	1.050	1.000	4	1	YALI
28.365	41.052	-1.600	0.790	1.150	1.060	1.000	4	1	SELP
28.373	40.398	-19.180	-1.240	1.230	1.060	1.000	3	1	YENI
28.483	38.315	-22.610	-13.180	0.960	0.890	1.000	1	1	ALSE
28.671	39.046	-21.140	-6.390	0.710	0.670	1.000	1	1	DMIR
28.779	40.167	-20.400	-2.550	0.930	0.930	1.000	2	1	HAGA
28.882	40.481	-18.200	4.920	1.990	1.680	1.000	3	1	FIST
28.923	39.930	-23.430	-0.540	0.960	0.950	1.000	1	1	GIRE
29.020	41.104	-2.020	0.060	0.680	0.680	1.000	4	1	ITAY
29.064	41.064	-2.420	0.940	0.610	0.580	1.000	4	1	IKAN
29.102	40.136	-23.430	-3.040	0.710	0.700	1.000	1	1	ULUD
29.106	40.270	-20.830	0.440	0.920	0.920	1.000	2	1	DTAS
29.111	40.165	-21.260	-0.750	0.930	0.930	1.000	1	1	ZEYA
29.136	37.941	-21.800	-7.820	0.670	0.630	1.000	1	1	PAMU
29.141	40.122	-19.440	-2.330	0.790	0.760	1.000	1	1	ULDA
29.143	40.639	-15.620	1.090	0.710	0.690	1.000	3	1	CINA
29.146	40.460	-20.090	1.830	0.920	0.920	1.000	3	1	GEML
29.261	40.200	-21.110	-1.340	0.930	0.930	1.000	2	1	CATA
29.288	40.485	-15.400	1.470	1.810	1.550	1.000	3	1	KUTE
29.423	40.821	-8.850	0.830	0.680	0.680	1.000	4	1	GATE
29.514	40.164	-21.410	-0.190	0.970	0.950	1.000	1	1	HMZA
29.585	40.667	-13.090	1.950	0.940	0.930	1.000	3	1	OLUK
29.623	41.179	-0.850	-0.580	1.250	1.110	1.000	4	1	SILE
29.635	40.803	-6.060	1.230	0.940	0.920	1.000	4	1	YUHE
29.889	40.066	-20.720	-6.540	1.950	1.800	1.000	1	1	KPKL
29.908	40.438	-17.690	-1.750	0.590	0.590	1.000	3	1	IGAZ
29.929	40.425	-17.690	-1.740	0.590	0.590	1.000	1	1	IUCK
30.026	40.465	-16.760	-1.680	0.660	0.610	1.000	3	1	MEKE
30.130	40.745	-8.470	-0.650	0.890	0.920	1.000	4	1	SISL
30.134	40.690	-12.940	0.020	0.790	0.810	1.000	4	1	SMAS
30.637	39.658	-24.010	-1.740	0.970	0.900	1.000	1	1	ESKI
30.638	40.614	-13.580	-1.210	0.570	0.580	1.000	4	1	KTOP
30.644	38.769	-21.230	-2.550	0.840	0.740	1.000	1	1	AFYO
30.655	40.628	-13.530	-1.270	0.570	0.580	1.000	4	1	KKAP
30.679	40.552	-17.010	-0.630	0.670	0.700	1.000	3	1	BOZS
30.680	40.538	-17.010	-0.630	0.670	0.700	1.000	1	1	AGUZ
30.745	40.652	-11.170	1.110	0.990	1.010	1.000	4	1	KMAL
30.761	40.589	-13.060	-1.140	0.780	0.790	1.000	4	1	AGOK
30.804	40.386	-19.550	-1.840	0.630	0.630	1.000	1	1	TEBA
30.827	40.735	-7.950	-0.520	0.730	0.740	1.000	4	1	KDER
30.862	40.555	-17.200	-0.150	0.960	0.970	1.000	1	1	PINA
31.438	40.937	-3.390	0.130	0.550	0.530	1.000	4	1	YIG2
31.439	40.937	-3.390	0.130	0.550	0.530	1.000	4	1	YIGI
31.814	39.564	-20.430	-2.310	0.790	0.680	1.000	1	1	SIVR
32.226	41.520	0.490	-0.960	0.870	0.860	1.000	4	1	HALI
32.570	40.881	-6.470	0.270	0.750	0.690	1.000	4	1	ISME
32.759	39.886	-21.390	-1.490	0.550	0.540	1.000	1	1	ANKM
33.191	37.378	-13.630	2.530	0.600	0.590	1.000	1	1	MELE
34.552	36.900	-12.200	4.370	1.080	0.960	1.000	1	1	MER0
34.803	39.106	-19.360	3.890	1.500	1.490	1.000	1	1	ABDI
34.813	39.801	-18.840	5.380	0.660	0.640	1.000	1	1	YOZG
34.875	40.453	-17.600	4.780	0.940	0.910	1.000	1	1	KKIR
35.205	42.020	-0.560	1.720	0.870	0.770	1.000	4	1	SINO
35.940	36.456	-9.600	9.710	1.040	1.000	1.000	1	1	ULUC
36.336	41.299	0.290	2.770	0.980	0.990	1.000	4	1	SAMS
38.215	38.456	-11.480	10.920	0.740	0.720	1.000	1	1	MLTY
38.231	37.747	-7.570	14.060	0.830	0.800	1.000	1	1	ADYI
39.164	39.613	-18.720	9.730	0.930	0.870	1.000	1	1	KMAH
39.702	40.974	0.680	2.550	0.470	0.450	1.000	4	1	AKTO
39.805	37.847	-8.910	15.110	0.750	0.740	1.000	1	1	KRCD
40.650	37.246	-6.440	16.640	0.800	0.750	1.000	1	1	KIZ2
40.651	37.247	-6.440	16.640	0.800	0.750	1.000	1	1	KIZI
41.300	39.973	-0.660	5.880	0.660	0.640	1.000	4	1	ERZU
41.339	41.371	-0.540	2.830	0.900	0.890	1.000	4	1	HOPA
41.794	38.754	-4.690	14.760	0.840	0.690	1.000	1	1	KRKT
41.990	40.548	1.950	5.070	0.930	0.900	1.000	4	1	OLTU
