24.392	38.086	1.153	-5.182	0.650	0.600	1.000	1	1	SEVA
24.410	37.363	-2.985	-4.738	0.680	0.600	1.000	1	1	KYNS
24.521	36.747	-3.904	-3.678	0.660	0.590	1.000	1	1	MILO
24.543	38.887	6.311	-5.324	0.730	0.650	1.000	1	1	NSKR
24.627	40.593	-0.940	-3.337	0.800	0.700	1.000	4	1	THAS
24.753	42.146	-1.414	-3.775	1.290	1.260	1.000	4	1	PLO2
25.126	39.851	-1.354	-4.105	0.710	0.640	1.000	3	1	LIMN
25.277	42.963	0.564	-1.043	1.290	1.190	1.000	4	1	GABR
25.379	37.449	-1.488	-7.737	0.840	0.790	1.000	1	1	MKN2
25.402	41.545	0.796	-3.371	1.270	1.220	1.000	4	1	MOMC
25.513	40.466	-1.444	-2.996	0.810	0.790	1.000	4	1	SMTK
25.566	40.928	0.580	-2.735	0.770	0.740	1.000	4	1	ASKT
26.082	39.501	-1.006	4.937	0.960	0.970	1.000	1	1	AMAN
26.085	38.443	-1.330	-6.425	0.720	0.650	1.000	1	1	HIOS
26.157	39.731	-1.365	3.960	0.930	0.950	1.000	3	1	KEST
26.174	39.973	2.975	1.717	0.670	0.610	1.000	3	1	SUBA
26.189	39.614	-0.405	3.100	0.930	0.950	1.000	2	1	BDER
26.216	39.726	-1.741	3.496	0.950	0.960	1.000	3	1	KRKE
26.309	42.075	-0.486	-1.496	1.240	1.190	1.000	4	1	TOPO
26.317	39.785	-0.700	3.618	0.950	0.990	1.000	3	1	EZIN
26.385	38.311	-0.216	-6.508	0.690	0.670	1.000	1	1	CEIL
26.406	36.586	-1.959	-13.820	0.680	0.600	1.000	1	1	ASTP
26.451	39.234	0.399	2.130	0.740	0.650	1.000	1	1	LESV
26.535	39.580	-0.535	6.638	0.940	0.960	1.000	1	1	HOBS
26.700	39.311	1.275	2.475	0.760	0.700	1.000	1	1	AYKA
26.706	40.739	-1.978	-2.538	0.710	0.710	1.000	4	1	DOKU
26.707	39.326	-0.956	4.347	0.730	0.710	1.000	1	1	AYVA
26.732	39.653	-2.868	5.282	0.940	0.930	1.000	1	1	KCAM
26.871	40.601	-3.947	0.446	0.910	0.940	1.000	4	1	KVAK
26.880	40.396	-1.844	2.871	0.900	0.920	1.000	3	1	SEVK
26.885	39.010	-1.631	0.734	1.780	1.750	1.000	1	1	ESEN
26.910	40.029	-0.757	2.921	0.930	0.930	1.000	3	1	BAH1
26.929	36.752	-3.023	-11.688	0.720	0.620	1.000	1	1	KOSI
26.989	37.780	-2.997	-9.356	0.700	0.610	1.000	1	1	SAMO
27.112	39.244	0.389	1.401	1.670	1.720	1.000	1	1	D5DU
27.214	40.171	-1.011	1.625	0.920	0.930	1.000	3	1	ARAK
27.217	39.897	-1.538	2.453	0.610	0.600	1.000	2	1	KIRE
27.269	39.577	-0.210	6.255	0.950	0.940	1.000	1	1	EGMI
27.301	40.381	0.870	4.278	0.890	0.890	1.000	3	1	KABI
27.308	38.711	1.267	-1.290	0.770	0.720	1.000	1	1	BAYO
27.316	39.024	-1.092	-0.053	0.760	0.710	1.000	1	1	YAYA
27.393	40.811	3.293	-1.116	0.710	0.680	1.000	4	1	YENB
27.424	39.785	-2.747	3.355	0.730	0.720	1.000	1	1	ALAN
27.442	42.666	0.392	-2.194	1.260	1.220	1.000	4	1	BURG
27.483	42.484	-2.228	-2.575	1.350	1.300	1.000	4	1	BUTG
27.486	37.818	-3.501	-5.721	0.910	0.870	1.000	1	1	SOKE
27.586	40.588	2.826	1.731	1.140	1.060	1.000	3	1	MISL
27.590	39.295	3.469	0.171	1.640	1.660	1.000	1	1	D7DU
27.629	40.245	-2.449	3.894	0.920	0.930	1.000	3	1	UKIR
27.763	40.059	-5.121	6.580	0.940	0.940	1.000	1	1	KOCB
27.779	41.827	0.600	-1.443	0.730	0.690	1.000	4	1	DEMI
27.816	40.400	-2.231	5.880	0.690	0.680	1.000	3	1	ERDE
27.873	39.006	-1.442	1.622	0.680	0.660	1.000	1	1	AKGA
27.906	39.722	-0.403	6.621	0.710	0.630	1.000	1	1	BALI
27.960	40.971	6.564	1.640	0.650	0.620	1.000	4	1	MAER
28.000	38.248	-3.125	-0.759	0.930	0.870	1.000	1	1	ODME
28.293	41.475	1.440	-1.485	1.160	1.050	1.000	4	1	YALI
28.365	41.052	1.099	2.198	1.150	1.060	1.000	4	1	SELP
28.373	40.398	-1.783	6.539	1.230	1.060	1.000	3	1	YENI
28.483	38.315	-4.858	-2.567	0.960	0.890	1.000	1	1	ALSE
28.671	39.046	-1.336	3.541	0.710	0.670	1.000	1	1	DMIR
28.779	40.167	-3.045	5.378	0.930	0.930	1.000	2	1	HAGA
28.882	40.481	-0.024	10.762	1.990	1.680	1.000	3	1	FIST
28.923	39.930	-2.359	8.008	0.960	0.950	1.000	1	1	GIRE
29.020	41.104	0.291	1.202	0.680	0.680	1.000	4	1	ITAY
29.064	41.064	0.432	2.445	0.610	0.580	1.000	4	1	IKAN
29.102	40.136	-4.317	4.566	0.710	0.700	1.000	1	1	ULUD
29.106	40.270	-4.267	7.062	0.920	0.920	1.000	2	1	DTAS
29.111	40.165	-2.755	6.678	0.930	0.930	1.000	1	1	ZEYA
29.136	37.941	-5.074	1.168	0.670	0.630	1.000	1	1	PAMU
29.141	40.122	0.107	5.294	0.790	0.760	1.000	1	1	ULDA
29.143	40.639	1.128	3.796	0.710	0.690	1.000	3	1	CINA
29.146	40.460	-2.038	6.833	0.920	0.920	1.000	3	1	GEML
29.261	40.200	-2.512	5.729	0.930	0.930	1.000	2	1	CATA
29.288	40.485	3.062	5.655	1.810	1.550	1.000	3	1	KUTE
29.423	40.821	-1.256	3.287	0.680	0.680	1.000	4	1	GATE
29.514	40.164	-1.224	7.127	0.970	0.950	1.000	1	1	HMZA
29.585	40.667	1.193	4.159	0.940	0.930	1.000	3	1	OLUK
29.623	41.179	0.543	-1.004	1.250	1.110	1.000	4	1	SILE
29.635	40.803	1.029	3.332	0.940	0.920	1.000	4	1	YUHE
29.889	40.066	0.801	-0.450	1.950	1.800	1.000	1	1	KPKL
29.908	40.438	2.020	2.123	0.590	0.590	1.000	3	1	IGAZ
29.929	40.425	2.191	2.260	0.590	0.590	1.000	1	1	IUCK
30.026	40.465	2.685	1.767	0.660	0.610	1.000	3	1	MEKE
30.130	40.745	-0.514	1.619	0.890	0.920	1.000	4	1	SISL
30.134	40.690	-2.177	2.159	0.790	0.810	1.000	4	1	SMAS
30.637	39.658	-2.471	2.941	0.970	0.900	1.000	1	1	ESKI
30.638	40.614	-1.447	0.374	0.570	0.580	1.000	4	1	KTOP
30.644	38.769	-1.958	2.427	0.840	0.740	1.000	1	1	AFYO
30.655	40.628	-2.195	0.418	0.570	0.580	1.000	4	1	KKAP
30.679	40.552	-1.717	0.358	0.670	0.700	1.000	3	1	BOZS
30.680	40.538	-1.007	0.157	0.670	0.700	1.000	1	1	AGUZ
30.745	40.652	-1.342	2.525	0.990	1.010	1.000	4	1	KMAL
30.761	40.589	0.138	0.170	0.780	0.790	1.000	4	1	AGOK
30.804	40.386	1.149	0.360	0.630	0.630	1.000	1	1	TEBA
30.827	40.735	-1.562	-0.084	0.730	0.740	1.000	4	1	KDER
30.862	40.555	-2.281	0.947	0.960	0.970	1.000	1	1	PINA
31.438	40.937	-0.211	-1.570	0.550	0.530	1.000	4	1	YIG2
31.439	40.937	-0.209	-1.572	0.550	0.530	1.000	4	1	YIGI
31.814	39.564	1.025	-0.395	0.790	0.680	1.000	1	1	SIVR
32.226	41.520	0.989	-3.339	0.870	0.860	1.000	4	1	HALI
32.570	40.881	4.461	-1.208	0.750	0.690	1.000	4	1	ISME
32.759	39.886	0.769	-1.909	0.550	0.540	1.000	1	1	ANKM
33.191	37.378	1.558	0.947	0.600	0.590	1.000	1	1	MELE
34.552	36.900	1.476	-0.800	1.080	0.960	1.000	1	1	MER0
34.803	39.106	0.788	-1.893	1.500	1.490	1.000	1	1	ABDI
34.813	39.801	3.007	-0.368	0.660	0.640	1.000	1	1	YOZG
34.875	40.453	5.018	-0.925	0.940	0.910	1.000	1	1	KKIR
35.205	42.020	-0.905	-1.061	0.870	0.770	1.000	4	1	SINO
35.940	36.456	2.615	0.883	1.040	1.000	1.000	1	1	ULUC
36.336	41.299	1.058	-0.019	0.980	0.990	1.000	4	1	SAMS
38.215	38.456	6.398	-3.644	0.740	0.720	1.000	1	1	MLTY
38.231	37.747	8.288	-0.653	0.830	0.800	1.000	1	1	ADYI
39.164	39.613	-0.581	-4.970	0.930	0.870	1.000	1	1	KMAH
39.702	40.974	0.055	-1.030	0.470	0.450	1.000	4	1	AKTO
39.805	37.847	6.966	-3.489	0.750	0.740	1.000	1	1	KRCD
40.650	37.246	7.569	-4.122	0.800	0.750	1.000	1	1	KIZ2
40.651	37.247	7.572	-4.124	0.800	0.750	1.000	1	1	KIZI
41.300	39.973	-1.118	1.142	0.660	0.640	1.000	4	1	ERZU
41.339	41.371	-1.551	-0.725	0.900	0.890	1.000	4	1	HOPA
41.794	38.754	11.497	-4.881	0.840	0.690	1.000	1	1	KRKT
41.990	40.548	0.970	1.062	0.930	0.900	1.000	4	1	OLTU
