24.392	38.086	-16.811	-22.044	0.000	0.000	1.000	1	1	SEVA
24.410	37.363	-14.533	-21.996	0.000	0.000	1.000	1	1	KYNS
24.521	36.747	-12.613	-21.701	0.000	0.000	1.000	1	1	MILO
24.543	38.887	-19.372	-21.642	0.000	0.000	1.000	1	1	NSKR
24.627	40.593	0.991	2.055	0.000	0.000	1.000	4	1	THAS
24.753	42.146	0.852	2.063	0.000	0.000	1.000	4	1	PLO2
25.126	39.851	-22.766	-15.665	0.000	0.000	1.000	3	1	LIMN
25.277	42.963	0.790	2.093	0.000	0.000	1.000	4	1	GABR
25.379	37.449	-15.018	-19.412	0.000	0.000	1.000	1	1	MKN2
25.402	41.545	0.923	2.100	0.000	0.000	1.000	4	1	MOMC
25.513	40.466	1.023	2.107	0.000	0.000	1.000	4	1	SMTK
25.566	40.928	0.983	2.110	0.000	0.000	1.000	4	1	ASKT
26.082	39.501	-21.641	-17.533	0.000	0.000	1.000	1	1	AMAN
26.085	38.443	-18.301	-17.525	0.000	0.000	1.000	1	1	HIOS
26.157	39.731	-22.694	-13.802	0.000	0.000	1.000	3	1	KEST
26.174	39.973	-23.186	-13.772	0.000	0.000	1.000	3	1	SUBA
26.189	39.614	-10.018	-10.742	0.000	0.000	1.000	2	1	BDER
26.216	39.726	-22.693	-13.696	0.000	0.000	1.000	3	1	KRKE
26.309	42.075	0.897	2.152	0.000	0.000	1.000	4	1	TOPO
26.317	39.785	-22.827	-13.513	0.000	0.000	1.000	3	1	EZIN
26.385	38.311	-17.939	-16.723	0.000	0.000	1.000	1	1	CEIL
26.406	36.586	-12.480	-16.667	0.000	0.000	1.000	1	1	ASTP
26.451	39.234	-20.868	-16.546	0.000	0.000	1.000	1	1	LESV
26.535	39.580	-21.975	-16.322	0.000	0.000	1.000	1	1	HOBS
26.700	39.311	-21.155	-15.880	0.000	0.000	1.000	1	1	AYKA
26.706	40.739	1.028	2.174	0.000	0.000	1.000	4	1	DOKU
26.707	39.326	-21.204	-15.861	0.000	0.000	1.000	1	1	AYVA
26.732	39.653	-22.241	-15.794	0.000	0.000	1.000	1	1	KCAM
26.871	40.601	1.044	2.184	0.000	0.000	1.000	4	1	KVAK
26.880	40.396	-24.145	-12.493	0.000	0.000	1.000	3	1	SEVK
26.885	39.010	-20.236	-15.384	0.000	0.000	1.000	1	1	ESEN
26.910	40.029	-23.407	-12.439	0.000	0.000	1.000	3	1	BAH1
26.929	36.752	-13.093	-15.267	0.000	0.000	1.000	1	1	KOSI
26.989	37.780	-16.362	-15.106	0.000	0.000	1.000	1	1	SAMO
27.112	39.244	-21.013	-14.776	0.000	0.000	1.000	1	1	D5DU
27.214	40.171	-23.736	-11.888	0.000	0.000	1.000	3	1	ARAK
27.217	39.897	-10.441	-9.772	0.000	0.000	1.000	2	1	KIRE
27.269	39.577	-22.091	-14.356	0.000	0.000	1.000	1	1	EGMI
27.301	40.381	-24.172	-11.730	0.000	0.000	1.000	3	1	KABI
27.308	38.711	-19.359	-14.251	0.000	0.000	1.000	1	1	BAYO
27.316	39.024	-20.351	-14.230	0.000	0.000	1.000	1	1	YAYA
27.393	40.811	1.038	2.213	0.000	0.000	1.000	4	1	YENB
27.424	39.785	-22.772	-13.940	0.000	0.000	1.000	1	1	ALAN
27.442	42.666	0.873	2.216	0.000	0.000	1.000	4	1	BURG
27.483	42.484	0.890	2.218	0.000	0.000	1.000	4	1	BUTG
27.486	37.818	-16.559	-13.774	0.000	0.000	1.000	1	1	SOKE
27.586	40.588	-24.628	-11.213	0.000	0.000	1.000	3	1	MISL
27.590	39.295	-21.249	-13.495	0.000	0.000	1.000	1	1	D7DU
27.629	40.245	-23.940	-11.135	0.000	0.000	1.000	3	1	UKIR
27.763	40.059	-23.688	-13.031	0.000	0.000	1.000	1	1	KOCB
27.779	41.827	0.957	2.235	0.000	0.000	1.000	4	1	DEMI
27.816	40.400	-24.276	-10.796	0.000	0.000	1.000	3	1	ERDE
27.873	39.006	-20.376	-12.736	0.000	0.000	1.000	1	1	AKGA
27.906	39.722	-22.645	-12.648	0.000	0.000	1.000	1	1	BALI
27.960	40.971	1.038	2.245	0.000	0.000	1.000	4	1	MAER
28.000	38.248	-17.994	-12.396	0.000	0.000	1.000	1	1	ODME
28.293	41.475	1.002	2.263	0.000	0.000	1.000	4	1	YALI
28.365	41.052	1.042	2.267	0.000	0.000	1.000	4	1	SELP
28.373	40.398	-24.337	-9.784	0.000	0.000	1.000	3	1	YENI
28.483	38.315	-18.267	-11.099	0.000	0.000	1.000	1	1	ALSE
28.671	39.046	-20.605	-10.595	0.000	0.000	1.000	1	1	DMIR
28.779	40.167	-10.891	-8.292	0.000	0.000	1.000	2	1	HAGA
28.882	40.481	-24.559	-8.859	0.000	0.000	1.000	3	1	FIST
28.923	39.930	-23.430	-9.918	0.000	0.000	1.000	1	1	GIRE
29.020	41.104	1.054	2.304	0.000	0.000	1.000	4	1	ITAY
29.064	41.064	1.059	2.306	0.000	0.000	1.000	4	1	IKAN
29.102	40.136	-24.100	-9.437	0.000	0.000	1.000	1	1	ULUD
29.106	40.270	-11.033	-7.981	0.000	0.000	1.000	2	1	DTAS
29.111	40.165	-24.193	-9.413	0.000	0.000	1.000	1	1	ZEYA
29.136	37.941	-17.153	-9.346	0.000	0.000	1.000	1	1	PAMU
29.141	40.122	-24.060	-9.332	0.000	0.000	1.000	1	1	ULDA
29.143	40.639	-24.904	-8.384	0.000	0.000	1.000	3	1	CINA
29.146	40.460	-24.542	-8.379	0.000	0.000	1.000	3	1	GEML
29.261	40.200	-10.971	-7.834	0.000	0.000	1.000	2	1	CATA
29.288	40.485	-24.606	-8.120	0.000	0.000	1.000	3	1	KUTE
29.423	40.821	1.090	2.326	0.000	0.000	1.000	4	1	GATE
29.514	40.164	-24.230	-8.330	0.000	0.000	1.000	1	1	HMZA
29.585	40.667	-25.001	-7.580	0.000	0.000	1.000	3	1	OLUK
29.623	41.179	1.064	2.337	0.000	0.000	1.000	4	1	SILE
29.635	40.803	1.097	2.337	0.000	0.000	1.000	4	1	YUHE
29.889	40.066	-23.953	-7.322	0.000	0.000	1.000	1	1	KPKL
29.908	40.438	-24.564	-6.992	0.000	0.000	1.000	3	1	IGAZ
29.929	40.425	-25.091	-7.214	0.000	0.000	1.000	1	1	IUCK
30.026	40.465	-24.628	-6.777	0.000	0.000	1.000	3	1	MEKE
30.130	40.745	1.116	2.364	0.000	0.000	1.000	4	1	SISL
30.134	40.690	1.121	2.364	0.000	0.000	1.000	4	1	SMAS
30.637	39.658	-22.716	-5.310	0.000	0.000	1.000	1	1	ESKI
30.638	40.614	1.141	2.392	0.000	0.000	1.000	4	1	KTOP
30.644	38.769	-19.899	-5.292	0.000	0.000	1.000	1	1	AFYO
30.655	40.628	1.140	2.393	0.000	0.000	1.000	4	1	KKAP
30.679	40.552	-24.850	-5.587	0.000	0.000	1.000	3	1	BOZS
30.680	40.538	-25.501	-5.195	0.000	0.000	1.000	1	1	AGUZ
30.745	40.652	1.141	2.397	0.000	0.000	1.000	4	1	KMAL
30.761	40.589	1.147	2.398	0.000	0.000	1.000	4	1	AGOK
30.804	40.386	-25.028	-4.861	0.000	0.000	1.000	1	1	TEBA
30.827	40.735	1.135	2.402	0.000	0.000	1.000	4	1	KDER
30.862	40.555	-25.565	-4.705	0.000	0.000	1.000	1	1	PINA
31.438	40.937	1.135	2.434	0.000	0.000	1.000	4	1	YIG2
31.439	40.937	1.135	2.435	0.000	0.000	1.000	4	1	YIGI
31.814	39.564	-22.467	-2.144	0.000	0.000	1.000	1	1	SIVR
32.226	41.520	1.106	2.476	0.000	0.000	1.000	4	1	HALI
32.570	40.881	1.171	2.494	0.000	0.000	1.000	4	1	ISME
32.759	39.886	-23.495	0.400	0.000	0.000	1.000	1	1	ANKM
33.191	37.378	-15.533	1.563	0.000	0.000	1.000	1	1	MELE
34.552	36.900	-13.964	5.225	0.000	0.000	1.000	1	1	MER0
34.803	39.106	-20.954	5.900	0.000	0.000	1.000	1	1	ABDI
34.813	39.801	-23.154	5.927	0.000	0.000	1.000	1	1	YOZG
34.875	40.453	-25.211	6.094	0.000	0.000	1.000	1	1	KKIR
35.205	42.020	1.151	2.630	0.000	0.000	1.000	4	1	SINO
35.940	36.456	-12.450	8.957	0.000	0.000	1.000	1	1	ULUC
36.336	41.299	1.247	2.686	0.000	0.000	1.000	4	1	SAMS
38.215	38.456	-18.504	15.061	0.000	0.000	1.000	1	1	MLTY
38.231	37.747	-16.257	15.104	0.000	0.000	1.000	1	1	ADYI
39.164	39.613	-21.989	17.601	0.000	0.000	1.000	1	1	KMAH
39.702	40.974	1.382	2.848	0.000	0.000	1.000	4	1	AKTO
39.805	37.847	-16.284	19.313	0.000	0.000	1.000	1	1	KRCD
40.650	37.246	-14.201	21.568	0.000	0.000	1.000	1	1	KIZ2
40.651	37.247	-14.204	21.570	0.000	0.000	1.000	1	1	KIZI
41.300	39.973	1.516	2.921	0.000	0.000	1.000	4	1	ERZU
41.339	41.371	1.403	2.923	0.000	0.000	1.000	4	1	HOPA
41.794	38.754	-18.671	24.612	0.000	0.000	1.000	1	1	KRKT
41.990	40.548	1.492	2.952	0.000	0.000	1.000	4	1	OLTU
