24.392	38.086	0.000	0.000	0.000	0.000	1.000	1	1	SEVA
24.410	37.363	0.000	0.000	0.000	0.000	1.000	1	1	KYNS
24.521	36.747	0.000	0.000	0.000	0.000	1.000	1	1	MILO
24.543	38.887	0.000	0.000	0.000	0.000	1.000	1	1	NSKR
24.627	40.593	0.000	0.000	0.000	0.000	1.000	4	1	THAS
24.753	42.146	0.000	0.000	0.000	0.000	1.000	4	1	PLO2
25.126	39.851	0.000	0.000	0.000	0.000	1.000	3	1	LIMN
25.277	42.963	0.000	0.000	0.000	0.000	1.000	4	1	GABR
25.379	37.449	0.000	0.000	0.000	0.000	1.000	1	1	MKN2
25.402	41.545	0.000	0.000	0.000	0.000	1.000	4	1	MOMC
25.513	40.466	0.000	0.000	0.000	0.000	1.000	4	1	SMTK
25.566	40.928	0.000	0.000	0.000	0.000	1.000	4	1	ASKT
26.082	39.501	0.000	0.000	0.000	0.000	1.000	1	1	AMAN
26.085	38.443	0.000	0.000	0.000	0.000	1.000	1	1	HIOS
26.157	39.731	0.000	0.000	0.000	0.000	1.000	3	1	KEST
26.174	39.973	0.000	0.000	0.000	0.000	1.000	3	1	SUBA
26.189	39.614	0.000	0.000	0.000	0.000	1.000	2	1	BDER
26.216	39.726	0.000	0.000	0.000	0.000	1.000	3	1	KRKE
26.309	42.075	0.000	0.000	0.000	0.000	1.000	4	1	TOPO
26.317	39.785	0.000	0.000	0.000	0.000	1.000	3	1	EZIN
26.385	38.311	0.000	0.000	0.000	0.000	1.000	1	1	CEIL
26.406	36.586	0.000	0.000	0.000	0.000	1.000	1	1	ASTP
26.451	39.234	0.000	0.000	0.000	0.000	1.000	1	1	LESV
26.535	39.580	0.000	0.000	0.000	0.000	1.000	1	1	HOBS
26.700	39.311	0.000	0.000	0.000	0.000	1.000	1	1	AYKA
26.706	40.739	0.000	0.000	0.000	0.000	1.000	4	1	DOKU
26.707	39.326	0.000	0.000	0.000	0.000	1.000	1	1	AYVA
26.732	39.653	0.000	0.000	0.000	0.000	1.000	1	1	KCAM
26.871	40.601	0.000	0.000	0.000	0.000	1.000	4	1	KVAK
26.880	40.396	0.000	0.000	0.000	0.000	1.000	3	1	SEVK
26.885	39.010	0.000	0.000	0.000	0.000	1.000	1	1	ESEN
26.910	40.029	0.000	0.000	0.000	0.000	1.000	3	1	BAH1
26.929	36.752	0.000	0.000	0.000	0.000	1.000	1	1	KOSI
26.989	37.780	0.000	0.000	0.000	0.000	1.000	1	1	SAMO
27.112	39.244	0.000	0.000	0.000	0.000	1.000	1	1	D5DU
27.214	40.171	0.000	0.000	0.000	0.000	1.000	3	1	ARAK
27.217	39.897	0.000	0.000	0.000	0.000	1.000	2	1	KIRE
27.269	39.577	0.000	0.000	0.000	0.000	1.000	1	1	EGMI
27.301	40.381	0.000	0.000	0.000	0.000	1.000	3	1	KABI
27.308	38.711	0.000	0.000	0.000	0.000	1.000	1	1	BAYO
27.316	39.024	0.000	0.000	0.000	0.000	1.000	1	1	YAYA
27.393	40.811	0.000	0.000	0.000	0.000	1.000	4	1	YENB
27.424	39.785	0.000	0.000	0.000	0.000	1.000	1	1	ALAN
27.442	42.666	0.000	0.000	0.000	0.000	1.000	4	1	BURG
27.483	42.484	0.000	0.000	0.000	0.000	1.000	4	1	BUTG
27.486	37.818	0.000	0.000	0.000	0.000	1.000	1	1	SOKE
27.586	40.588	0.000	0.000	0.000	0.000	1.000	3	1	MISL
27.590	39.295	0.000	0.000	0.000	0.000	1.000	1	1	D7DU
27.629	40.245	0.000	0.000	0.000	0.000	1.000	3	1	UKIR
27.763	40.059	0.000	0.000	0.000	0.000	1.000	1	1	KOCB
27.779	41.827	0.000	0.000	0.000	0.000	1.000	4	1	DEMI
27.816	40.400	0.000	0.000	0.000	0.000	1.000	3	1	ERDE
27.873	39.006	0.000	0.000	0.000	0.000	1.000	1	1	AKGA
27.906	39.722	0.000	0.000	0.000	0.000	1.000	1	1	BALI
27.960	40.971	0.000	0.000	0.000	0.000	1.000	4	1	MAER
28.000	38.248	0.000	0.000	0.000	0.000	1.000	1	1	ODME
28.293	41.475	0.000	0.000	0.000	0.000	1.000	4	1	YALI
28.365	41.052	0.000	0.000	0.000	0.000	1.000	4	1	SELP
28.373	40.398	0.000	0.000	0.000	0.000	1.000	3	1	YENI
28.483	38.315	0.000	0.000	0.000	0.000	1.000	1	1	ALSE
28.671	39.046	0.000	0.000	0.000	0.000	1.000	1	1	DMIR
28.779	40.167	0.000	0.000	0.000	0.000	1.000	2	1	HAGA
28.882	40.481	0.000	0.000	0.000	0.000	1.000	3	1	FIST
28.923	39.930	0.000	0.000	0.000	0.000	1.000	1	1	GIRE
29.020	41.104	0.000	0.000	0.000	0.000	1.000	4	1	ITAY
29.064	41.064	0.000	0.000	0.000	0.000	1.000	4	1	IKAN
29.102	40.136	0.000	0.000	0.000	0.000	1.000	1	1	ULUD
29.106	40.270	0.000	0.000	0.000	0.000	1.000	2	1	DTAS
29.111	40.165	0.000	0.000	0.000	0.000	1.000	1	1	ZEYA
29.136	37.941	0.000	0.000	0.000	0.000	1.000	1	1	PAMU
29.141	40.122	0.000	0.000	0.000	0.000	1.000	1	1	ULDA
29.143	40.639	0.000	0.000	0.000	0.000	1.000	3	1	CINA
29.146	40.460	0.000	0.000	0.000	0.000	1.000	3	1	GEML
29.261	40.200	0.000	0.000	0.000	0.000	1.000	2	1	CATA
29.288	40.485	0.000	0.000	0.000	0.000	1.000	3	1	KUTE
29.423	40.821	0.000	0.000	0.000	0.000	1.000	4	1	GATE
29.514	40.164	0.000	0.000	0.000	0.000	1.000	1	1	HMZA
29.585	40.667	0.000	0.000	0.000	0.000	1.000	3	1	OLUK
29.623	41.179	0.000	0.000	0.000	0.000	1.000	4	1	SILE
29.635	40.803	0.000	0.000	0.000	0.000	1.000	4	1	YUHE
29.889	40.066	0.000	0.000	0.000	0.000	1.000	1	1	KPKL
29.908	40.438	0.000	0.000	0.000	0.000	1.000	3	1	IGAZ
29.929	40.425	0.000	0.000	0.000	0.000	1.000	1	1	IUCK
30.026	40.465	0.000	0.000	0.000	0.000	1.000	3	1	MEKE
30.130	40.745	0.000	0.000	0.000	0.000	1.000	4	1	SISL
30.134	40.690	0.000	0.000	0.000	0.000	1.000	4	1	SMAS
30.637	39.658	0.000	0.000	0.000	0.000	1.000	1	1	ESKI
30.638	40.614	0.000	0.000	0.000	0.000	1.000	4	1	KTOP
30.644	38.769	0.000	0.000	0.000	0.000	1.000	1	1	AFYO
30.655	40.628	0.000	0.000	0.000	0.000	1.000	4	1	KKAP
30.679	40.552	0.000	0.000	0.000	0.000	1.000	3	1	BOZS
30.680	40.538	0.000	0.000	0.000	0.000	1.000	1	1	AGUZ
30.745	40.652	0.000	0.000	0.000	0.000	1.000	4	1	KMAL
30.761	40.589	0.000	0.000	0.000	0.000	1.000	4	1	AGOK
30.804	40.386	0.000	0.000	0.000	0.000	1.000	1	1	TEBA
30.827	40.735	0.000	0.000	0.000	0.000	1.000	4	1	KDER
30.862	40.555	0.000	0.000	0.000	0.000	1.000	1	1	PINA
31.438	40.937	0.000	0.000	0.000	0.000	1.000	4	1	YIG2
31.439	40.937	0.000	0.000	0.000	0.000	1.000	4	1	YIGI
31.814	39.564	0.000	0.000	0.000	0.000	1.000	1	1	SIVR
32.226	41.520	0.000	0.000	0.000	0.000	1.000	4	1	HALI
32.570	40.881	0.000	0.000	0.000	0.000	1.000	4	1	ISME
32.759	39.886	0.000	0.000	0.000	0.000	1.000	1	1	ANKM
33.191	37.378	0.000	0.000	0.000	0.000	1.000	1	1	MELE
34.552	36.900	0.000	0.000	0.000	0.000	1.000	1	1	MER0
34.803	39.106	0.000	0.000	0.000	0.000	1.000	1	1	ABDI
34.813	39.801	0.000	0.000	0.000	0.000	1.000	1	1	YOZG
34.875	40.453	0.000	0.000	0.000	0.000	1.000	1	1	KKIR
35.205	42.020	0.000	0.000	0.000	0.000	1.000	4	1	SINO
35.940	36.456	0.000	0.000	0.000	0.000	1.000	1	1	ULUC
36.336	41.299	0.000	0.000	0.000	0.000	1.000	4	1	SAMS
38.215	38.456	0.000	0.000	0.000	0.000	1.000	1	1	MLTY
38.231	37.747	0.000	0.000	0.000	0.000	1.000	1	1	ADYI
39.164	39.613	0.000	0.000	0.000	0.000	1.000	1	1	KMAH
39.702	40.974	0.000	0.000	0.000	0.000	1.000	4	1	AKTO
39.805	37.847	0.000	0.000	0.000	0.000	1.000	1	1	KRCD
40.650	37.246	0.000	0.000	0.000	0.000	1.000	1	1	KIZ2
40.651	37.247	0.000	0.000	0.000	0.000	1.000	1	1	KIZI
41.300	39.973	0.000	0.000	0.000	0.000	1.000	4	1	ERZU
41.339	41.371	0.000	0.000	0.000	0.000	1.000	4	1	HOPA
41.794	38.754	0.000	0.000	0.000	0.000	1.000	1	1	KRKT
41.990	40.548	0.000	0.000	0.000	0.000	1.000	4	1	OLTU
